# JRE version: Java(TM) SE Runtime Environment (8.0_191-b12) (build 1.8.0_191-b12)
# Java VM: Java HotSpot(TM) 64-Bit Server VM (25.191-b12 mixed mode windows-amd64 compressed oops)
Heap:
 PSYoungGen      total 379904K, used 106356K [0x00000000e0000000, 0x00000000fb480000, 0x0000000100000000)
  eden space 312832K, 25% used [0x00000000e0000000,0x00000000e4da7018,0x00000000f3180000)
  from space 67072K, 40% used [0x00000000f3180000,0x00000000f4bb6370,0x00000000f7300000)
  to   space 64000K, 0% used [0x00000000f7600000,0x00000000f7600000,0x00000000fb480000)
 ParOldGen       total 244736K, used 149793K [0x00000000a0000000, 0x00000000aef00000, 0x00000000e0000000)
  object space 244736K, 61% used [0x00000000a0000000,0x00000000a92486b0,0x00000000aef00000)
 Metaspace       used 81630K, capacity 84520K, committed 85248K, reserved 1122304K
  class space    used 10628K, capacity 11237K, committed 11520K, reserved 1048576K
GC Heap History (10 events):
Event: 67.879 GC heap before
{Heap before GC invocations=27 (full 4):
 PSYoungGen      total 242176K, used 201030K [0x00000000e0000000, 0x00000000f2880000, 0x0000000100000000)
  eden space 183808K, 99% used [0x00000000e0000000,0x00000000eb2939d8,0x00000000eb380000)
  from space 58368K, 31% used [0x00000000eef80000,0x00000000f013e218,0x00000000f2880000)
  to   space 59904K, 0% used [0x00000000eb380000,0x00000000eb380000,0x00000000eee00000)
 ParOldGen       total 244736K, used 90200K [0x00000000a0000000, 0x00000000aef00000, 0x00000000e0000000)
  object space 244736K, 36% used [0x00000000a0000000,0x00000000a5816288,0x00000000aef00000)
 Metaspace       used 75671K, capacity 78076K, committed 79744K, reserved 1118208K
  class space    used 10155K, capacity 10687K, committed 11136K, reserved 1048576K
Event: 67.898 GC heap after
Heap after GC invocations=27 (full 4):
 PSYoungGen      total 243712K, used 56292K [0x00000000e0000000, 0x00000000f7780000, 0x0000000100000000)
  eden space 183808K, 0% used [0x00000000e0000000,0x00000000e0000000,0x00000000eb380000)
  from space 59904K, 93% used [0x00000000eb380000,0x00000000eea79328,0x00000000eee00000)
  to   space 68608K, 0% used [0x00000000f3480000,0x00000000f3480000,0x00000000f7780000)
 ParOldGen       total 244736K, used 111561K [0x00000000a0000000, 0x00000000aef00000, 0x00000000e0000000)
  object space 244736K, 45% used [0x00000000a0000000,0x00000000a6cf2400,0x00000000aef00000)
 Metaspace       used 75671K, capacity 78076K, committed 79744K, reserved 1118208K
  class space    used 10155K, capacity 10687K, committed 11136K, reserved 1048576K
}
Event: 67.934 GC heap before
{Heap before GC invocations=28 (full 4):
 PSYoungGen      total 243712K, used 239206K [0x00000000e0000000, 0x00000000f7780000, 0x0000000100000000)
  eden space 183808K, 99% used [0x00000000e0000000,0x00000000eb2a0780,0x00000000eb380000)
  from space 59904K, 93% used [0x00000000eb380000,0x00000000eea79328,0x00000000eee00000)
  to   space 68608K, 0% used [0x00000000f3480000,0x00000000f3480000,0x00000000f7780000)
 ParOldGen       total 244736K, used 111561K [0x00000000a0000000, 0x00000000aef00000, 0x00000000e0000000)
  object space 244736K, 45% used [0x00000000a0000000,0x00000000a6cf2400,0x00000000aef00000)
 Metaspace       used 75677K, capacity 78076K, committed 79744K, reserved 1118208K
  class space    used 10155K, capacity 10687K, committed 11136K, reserved 1048576K
Event: 67.947 GC heap after
Heap after GC invocations=28 (full 4):
 PSYoungGen      total 315392K, used 256K [0x00000000e0000000, 0x00000000f7d00000, 0x0000000100000000)
  eden space 246784K, 0% used [0x00000000e0000000,0x00000000e0000000,0x00000000ef100000)
  from space 68608K, 0% used [0x00000000f3480000,0x00000000f34c0000,0x00000000f7780000)
  to   space 69120K, 0% used [0x00000000ef100000,0x00000000ef100000,0x00000000f3480000)
 ParOldGen       total 244736K, used 148536K [0x00000000a0000000, 0x00000000aef00000, 0x00000000e0000000)
  object space 244736K, 60% used [0x00000000a0000000,0x00000000a910e058,0x00000000aef00000)
 Metaspace       used 75677K, capacity 78076K, committed 79744K, reserved 1118208K
  class space    used 10155K, capacity 10687K, committed 11136K, reserved 1048576K
}
Event: 67.980 GC heap before
{Heap before GC invocations=29 (full 4):
 PSYoungGen      total 315392K, used 247020K [0x00000000e0000000, 0x00000000f7d00000, 0x0000000100000000)
  eden space 246784K, 99% used [0x00000000e0000000,0x00000000ef0fb0d0,0x00000000ef100000)
  from space 68608K, 0% used [0x00000000f3480000,0x00000000f34c0000,0x00000000f7780000)
  to   space 69120K, 0% used [0x00000000ef100000,0x00000000ef100000,0x00000000f3480000)
 ParOldGen       total 244736K, used 148536K [0x00000000a0000000, 0x00000000aef00000, 0x00000000e0000000)
  object space 244736K, 60% used [0x00000000a0000000,0x00000000a910e058,0x00000000aef00000)
 Metaspace       used 75682K, capacity 78076K, committed 79744K, reserved 1118208K
  class space    used 10155K, capacity 10687K, committed 11136K, reserved 1048576K
Event: 67.982 GC heap after
Heap after GC invocations=29 (full 4):
 PSYoungGen      total 315904K, used 224K [0x00000000e0000000, 0x00000000fb900000, 0x0000000100000000)
  eden space 246784K, 0% used [0x00000000e0000000,0x00000000e0000000,0x00000000ef100000)
  from space 69120K, 0% used [0x00000000ef100000,0x00000000ef138000,0x00000000f3480000)
  to   space 68608K, 0% used [0x00000000f7600000,0x00000000f7600000,0x00000000fb900000)
 ParOldGen       total 244736K, used 148592K [0x00000000a0000000, 0x00000000aef00000, 0x00000000e0000000)
  object space 244736K, 60% used [0x00000000a0000000,0x00000000a911c058,0x00000000aef00000)
 Metaspace       used 75682K, capacity 78076K, committed 79744K, reserved 1118208K
  class space    used 10155K, capacity 10687K, committed 11136K, reserved 1048576K
}
Event: 721.018 GC heap before
{Heap before GC invocations=30 (full 4):
 PSYoungGen      total 315904K, used 247008K [0x00000000e0000000, 0x00000000fb900000, 0x0000000100000000)
  eden space 246784K, 100% used [0x00000000e0000000,0x00000000ef100000,0x00000000ef100000)
  from space 69120K, 0% used [0x00000000ef100000,0x00000000ef138000,0x00000000f3480000)
  to   space 68608K, 0% used [0x00000000f7600000,0x00000000f7600000,0x00000000fb900000)
 ParOldGen       total 244736K, used 148592K [0x00000000a0000000, 0x00000000aef00000, 0x00000000e0000000)
  object space 244736K, 60% used [0x00000000a0000000,0x00000000a911c058,0x00000000aef00000)
 Metaspace       used 79911K, capacity 82584K, committed 83584K, reserved 1122304K
  class space    used 10530K, capacity 11111K, committed 11392K, reserved 1048576K
Event: 721.054 GC heap after
Heap after GC invocations=30 (full 4):
 PSYoungGen      total 376832K, used 5879K [0x00000000e0000000, 0x00000000fb480000, 0x0000000100000000)
  eden space 312832K, 0% used [0x00000000e0000000,0x00000000e0000000,0x00000000f3180000)
  from space 64000K, 9% used [0x00000000f7600000,0x00000000f7bbdcd8,0x00000000fb480000)
  to   space 67072K, 0% used [0x00000000f3180000,0x00000000f3180000,0x00000000f7300000)
 ParOldGen       total 244736K, used 148648K [0x00000000a0000000, 0x00000000aef00000, 0x00000000e0000000)
  object space 244736K, 60% used [0x00000000a0000000,0x00000000a912a058,0x00000000aef00000)
 Metaspace       used 79911K, capacity 82584K, committed 83584K, reserved 1122304K
  class space    used 10530K, capacity 11111K, committed 11392K, reserved 1048576K
}
Event: 3333.060 GC heap before
{Heap before GC invocations=31 (full 4):
 PSYoungGen      total 376832K, used 318711K [0x00000000e0000000, 0x00000000fb480000, 0x0000000100000000)
  eden space 312832K, 100% used [0x00000000e0000000,0x00000000f3180000,0x00000000f3180000)
  from space 64000K, 9% used [0x00000000f7600000,0x00000000f7bbdcd8,0x00000000fb480000)
  to   space 67072K, 0% used [0x00000000f3180000,0x00000000f3180000,0x00000000f7300000)
 ParOldGen       total 244736K, used 148648K [0x00000000a0000000, 0x00000000aef00000, 0x00000000e0000000)
  object space 244736K, 60% used [0x00000000a0000000,0x00000000a912a058,0x00000000aef00000)
 Metaspace       used 80911K, capacity 83694K, committed 84608K, reserved 1122304K
  class space    used 10551K, capacity 11146K, committed 11392K, reserved 1048576K
Event: 3333.089 GC heap after
Heap after GC invocations=31 (full 4):
 PSYoungGen      total 379904K, used 26840K [0x00000000e0000000, 0x00000000fb480000, 0x0000000100000000)
  eden space 312832K, 0% used [0x00000000e0000000,0x00000000e0000000,0x00000000f3180000)
  from space 67072K, 40% used [0x00000000f3180000,0x00000000f4bb6370,0x00000000f7300000)
  to   space 64000K, 0% used [0x00000000f7600000,0x00000000f7600000,0x00000000fb480000)
 ParOldGen       total 244736K, used 149793K [0x00000000a0000000, 0x00000000aef00000, 0x00000000e0000000)
  object space 244736K, 61% used [0x00000000a0000000,0x00000000a92486b0,0x00000000aef00000)
 Metaspace       used 80911K, capacity 83694K, committed 84608K, reserved 1122304K
  class space    used 10551K, capacity 11146K, committed 11392K, reserved 1048576K
}

